<?xml version="1.0" encoding="UTF-8"?>
<testsuite xmlns:xsi="http://www.w3.org/2001/XMLSchema-instance" xsi:noNamespaceSchemaLocation="https://maven.apache.org/surefire/maven-surefire-plugin/xsd/surefire-test-report-3.0.xsd" version="3.0" name="TicketServiceTest" time="0.249" tests="9" errors="0" skipped="0" failures="1">
  <properties>
    <property name="java.specification.version" value="21"/>
    <property name="sun.jnu.encoding" value="UTF-8"/>
    <property name="java.class.path" value="/Users/evangelopolot/Desktop/Cinema-Tickets/cinema-tickets-java/target/test-classes:/Users/evangelopolot/Desktop/Cinema-Tickets/cinema-tickets-java/target/classes:/Users/evangelopolot/.m2/repository/junit/junit/4.11/junit-4.11.jar:/Users/evangelopolot/.m2/repository/org/hamcrest/hamcrest-core/1.3/hamcrest-core-1.3.jar:/Users/evangelopolot/.m2/repository/org/mockito/mockito-core/4.0.0/mockito-core-4.0.0.jar:/Users/evangelopolot/.m2/repository/net/bytebuddy/byte-buddy/1.11.19/byte-buddy-1.11.19.jar:/Users/evangelopolot/.m2/repository/net/bytebuddy/byte-buddy-agent/1.11.19/byte-buddy-agent-1.11.19.jar:/Users/evangelopolot/.m2/repository/org/objenesis/objenesis/3.2/objenesis-3.2.jar:/Users/evangelopolot/.m2/repository/org/junit/jupiter/junit-jupiter/5.10.0/junit-jupiter-5.10.0.jar:/Users/evangelopolot/.m2/repository/org/junit/jupiter/junit-jupiter-api/5.10.0/junit-jupiter-api-5.10.0.jar:/Users/evangelopolot/.m2/repository/org/opentest4j/opentest4j/1.3.0/opentest4j-1.3.0.jar:/Users/evangelopolot/.m2/repository/org/junit/platform/junit-platform-commons/1.10.0/junit-platform-commons-1.10.0.jar:/Users/evangelopolot/.m2/repository/org/apiguardian/apiguardian-api/1.1.2/apiguardian-api-1.1.2.jar:/Users/evangelopolot/.m2/repository/org/junit/jupiter/junit-jupiter-params/5.10.0/junit-jupiter-params-5.10.0.jar:/Users/evangelopolot/.m2/repository/org/junit/jupiter/junit-jupiter-engine/5.10.0/junit-jupiter-engine-5.10.0.jar:/Users/evangelopolot/.m2/repository/org/junit/platform/junit-platform-engine/1.10.0/junit-platform-engine-1.10.0.jar:"/>
    <property name="java.vm.vendor" value="Oracle Corporation"/>
    <property name="sun.arch.data.model" value="64"/>
    <property name="java.vendor.url" value="https://java.oracle.com/"/>
    <property name="os.name" value="Mac OS X"/>
    <property name="java.vm.specification.version" value="21"/>
    <property name="sun.java.launcher" value="SUN_STANDARD"/>
    <property name="user.country" value="GB"/>
    <property name="sun.boot.library.path" value="/Users/evangelopolot/Library/Java/JavaVirtualMachines/openjdk-21/Contents/Home/lib"/>
    <property name="sun.java.command" value="/Users/evangelopolot/Desktop/Cinema-Tickets/cinema-tickets-java/target/surefire/surefirebooter-20231009085021443_3.jar /Users/evangelopolot/Desktop/Cinema-Tickets/cinema-tickets-java/target/surefire 2023-10-09T08-50-21_393-jvmRun1 surefire-20231009085021443_1tmp surefire_0-20231009085021443_2tmp"/>
    <property name="http.nonProxyHosts" value="local|*.local|169.254/16|*.169.254/16"/>
    <property name="jdk.debug" value="release"/>
    <property name="surefire.test.class.path" value="/Users/evangelopolot/Desktop/Cinema-Tickets/cinema-tickets-java/target/test-classes:/Users/evangelopolot/Desktop/Cinema-Tickets/cinema-tickets-java/target/classes:/Users/evangelopolot/.m2/repository/junit/junit/4.11/junit-4.11.jar:/Users/evangelopolot/.m2/repository/org/hamcrest/hamcrest-core/1.3/hamcrest-core-1.3.jar:/Users/evangelopolot/.m2/repository/org/mockito/mockito-core/4.0.0/mockito-core-4.0.0.jar:/Users/evangelopolot/.m2/repository/net/bytebuddy/byte-buddy/1.11.19/byte-buddy-1.11.19.jar:/Users/evangelopolot/.m2/repository/net/bytebuddy/byte-buddy-agent/1.11.19/byte-buddy-agent-1.11.19.jar:/Users/evangelopolot/.m2/repository/org/objenesis/objenesis/3.2/objenesis-3.2.jar:/Users/evangelopolot/.m2/repository/org/junit/jupiter/junit-jupiter/5.10.0/junit-jupiter-5.10.0.jar:/Users/evangelopolot/.m2/repository/org/junit/jupiter/junit-jupiter-api/5.10.0/junit-jupiter-api-5.10.0.jar:/Users/evangelopolot/.m2/repository/org/opentest4j/opentest4j/1.3.0/opentest4j-1.3.0.jar:/Users/evangelopolot/.m2/repository/org/junit/platform/junit-platform-commons/1.10.0/junit-platform-commons-1.10.0.jar:/Users/evangelopolot/.m2/repository/org/apiguardian/apiguardian-api/1.1.2/apiguardian-api-1.1.2.jar:/Users/evangelopolot/.m2/repository/org/junit/jupiter/junit-jupiter-params/5.10.0/junit-jupiter-params-5.10.0.jar:/Users/evangelopolot/.m2/repository/org/junit/jupiter/junit-jupiter-engine/5.10.0/junit-jupiter-engine-5.10.0.jar:/Users/evangelopolot/.m2/repository/org/junit/platform/junit-platform-engine/1.10.0/junit-platform-engine-1.10.0.jar:"/>
    <property name="sun.cpu.endian" value="little"/>
    <property name="user.home" value="/Users/evangelopolot"/>
    <property name="user.language" value="en"/>
    <property name="java.specification.vendor" value="Oracle Corporation"/>
    <property name="java.version.date" value="2023-09-19"/>
    <property name="java.home" value="/Users/evangelopolot/Library/Java/JavaVirtualMachines/openjdk-21/Contents/Home"/>
    <property name="file.separator" value="/"/>
    <property name="basedir" value="/Users/evangelopolot/Desktop/Cinema-Tickets/cinema-tickets-java"/>
    <property name="java.vm.compressedOopsMode" value="Zero based"/>
    <property name="line.separator" value="&#10;"/>
    <property name="java.vm.specification.vendor" value="Oracle Corporation"/>
    <property name="java.specification.name" value="Java Platform API Specification"/>
    <property name="apple.awt.application.name" value="ForkedBooter"/>
    <property name="surefire.real.class.path" value="/Users/evangelopolot/Desktop/Cinema-Tickets/cinema-tickets-java/target/surefire/surefirebooter-20231009085021443_3.jar"/>
    <property name="sun.management.compiler" value="HotSpot 64-Bit Tiered Compilers"/>
    <property name="ftp.nonProxyHosts" value="local|*.local|169.254/16|*.169.254/16"/>
    <property name="java.runtime.version" value="21+35-2513"/>
    <property name="user.name" value="evangelopolot"/>
    <property name="stdout.encoding" value="UTF-8"/>
    <property name="path.separator" value=":"/>
    <property name="os.version" value="14.0"/>
    <property name="java.runtime.name" value="OpenJDK Runtime Environment"/>
    <property name="file.encoding" value="UTF-8"/>
    <property name="java.vm.name" value="OpenJDK 64-Bit Server VM"/>
    <property name="localRepository" value="/Users/evangelopolot/.m2/repository"/>
    <property name="java.vendor.url.bug" value="https://bugreport.java.com/bugreport/"/>
    <property name="java.io.tmpdir" value="/var/folders/8b/fgv4bzds2ksd8gyhpqqz1yv80000gn/T/"/>
    <property name="idea.version" value="2023.2.2"/>
    <property name="java.version" value="21"/>
    <property name="user.dir" value="/Users/evangelopolot/Desktop/Cinema-Tickets/cinema-tickets-java"/>
    <property name="os.arch" value="aarch64"/>
    <property name="java.vm.specification.name" value="Java Virtual Machine Specification"/>
    <property name="native.encoding" value="UTF-8"/>
    <property name="java.library.path" value="/Users/evangelopolot/Library/Java/Extensions:/Library/Java/Extensions:/Network/Library/Java/Extensions:/System/Library/Java/Extensions:/usr/lib/java:."/>
    <property name="java.vm.info" value="mixed mode, sharing"/>
    <property name="stderr.encoding" value="UTF-8"/>
    <property name="java.vendor" value="Oracle Corporation"/>
    <property name="java.vm.version" value="21+35-2513"/>
    <property name="sun.io.unicode.encoding" value="UnicodeBig"/>
    <property name="socksNonProxyHosts" value="local|*.local|169.254/16|*.169.254/16"/>
    <property name="java.class.version" value="65.0"/>
  </properties>
  <testcase name="testPurchaseTicketThrowsAnExceptionWhenGivenInvalidTicketType" classname="TicketServiceTest" time="0.187">
    <failure message="Unexpected exception type thrown, expected: &lt;uk.gov.dwp.uc.pairtest.exception.InvalidPurchaseException&gt; but was: &lt;java.lang.NullPointerException&gt;" type="org.opentest4j.AssertionFailedError"><![CDATA[org.opentest4j.AssertionFailedError: Unexpected exception type thrown, expected: <uk.gov.dwp.uc.pairtest.exception.InvalidPurchaseException> but was: <java.lang.NullPointerException>
	at org.junit.jupiter.api.AssertionFailureBuilder.build(AssertionFailureBuilder.java:151)
	at org.junit.jupiter.api.AssertThrows.assertThrows(AssertThrows.java:67)
	at org.junit.jupiter.api.AssertThrows.assertThrows(AssertThrows.java:35)
	at org.junit.jupiter.api.Assertions.assertThrows(Assertions.java:3111)
	at TicketServiceTest.testPurchaseTicketThrowsAnExceptionWhenGivenInvalidTicketType(TicketServiceTest.java:39)
	at java.base/java.lang.reflect.Method.invoke(Method.java:580)
	at java.base/java.util.ArrayList.forEach(ArrayList.java:1596)
	at java.base/java.util.ArrayList.forEach(ArrayList.java:1596)
Caused by: java.lang.NullPointerException: Cannot invoke "uk.gov.dwp.uc.pairtest.domain.TicketTypeRequest$Type.ordinal()" because "type" is null
	at uk.gov.dwp.uc.pairtest.TicketServiceImpl.calculateTicketCost(TicketServiceImpl.java:49)
	at uk.gov.dwp.uc.pairtest.TicketServiceImpl.purchaseTickets(TicketServiceImpl.java:38)
	at TicketServiceTest.lambda$testPurchaseTicketThrowsAnExceptionWhenGivenInvalidTicketType$1(TicketServiceTest.java:39)
	at org.junit.jupiter.api.AssertThrows.assertThrows(AssertThrows.java:53)
	... 6 more
]]></failure>
  </testcase>
  <testcase name="testPurchaseTicketsGivenInvalidIDsThrowException(long)[1]" classname="TicketServiceTest" time="0.008"/>
  <testcase name="testPurchaseTicketsGivenInvalidIDsThrowException(long)[2]" classname="TicketServiceTest" time="0.001"/>
  <testcase name="testPurchaseTicketsGivenInvalidIDsThrowException(long)[3]" classname="TicketServiceTest" time="0"/>
  <testcase name="testPurchaseTicketGivenValidTicketRequestCallsMakePayment" classname="TicketServiceTest" time="0.006"/>
  <testcase name="testPurchaseTicketsGivenValidIDAndInvalidTicketTypeThrowException(int)[1]" classname="TicketServiceTest" time="0.002"/>
  <testcase name="testPurchaseTicketsGivenValidIDAndInvalidTicketTypeThrowException(int)[2]" classname="TicketServiceTest" time="0"/>
  <testcase name="testPurchaseTicketGivenInfantTicketAndNoAdultTicketThrowAnException(Type, int)[1]" classname="TicketServiceTest" time="0.001"/>
  <testcase name="testPurchaseTicketGivenInfantTicketAndNoAdultTicketThrowAnException(Type, int)[2]" classname="TicketServiceTest" time="0.001"/>
</testsuite>