-------------------------------------------------------------------------------
Test set: TicketServiceTest
-------------------------------------------------------------------------------
Tests run: 9, Failures: 1, Errors: 0, Skipped: 0, Time elapsed: 0.249 s <<< FAILURE! - in TicketServiceTest
TicketServiceTest.testPurchaseTicketThrowsAnExceptionWhenGivenInvalidTicketType  Time elapsed: 0.187 s  <<< FAILURE!
org.opentest4j.AssertionFailedError: Unexpected exception type thrown, expected: <uk.gov.dwp.uc.pairtest.exception.InvalidPurchaseException> but was: <java.lang.NullPointerException>
	at org.junit.jupiter.api.AssertionFailureBuilder.build(AssertionFailureBuilder.java:151)
	at org.junit.jupiter.api.AssertThrows.assertThrows(AssertThrows.java:67)
	at org.junit.jupiter.api.AssertThrows.assertThrows(AssertThrows.java:35)
	at org.junit.jupiter.api.Assertions.assertThrows(Assertions.java:3111)
	at TicketServiceTest.testPurchaseTicketThrowsAnExceptionWhenGivenInvalidTicketType(TicketServiceTest.java:39)
	at java.base/java.lang.reflect.Method.invoke(Method.java:580)
	at java.base/java.util.ArrayList.forEach(ArrayList.java:1596)
	at java.base/java.util.ArrayList.forEach(ArrayList.java:1596)
Caused by: java.lang.NullPointerException: Cannot invoke "uk.gov.dwp.uc.pairtest.domain.TicketTypeRequest$Type.ordinal()" because "type" is null
	at uk.gov.dwp.uc.pairtest.TicketServiceImpl.calculateTicketCost(TicketServiceImpl.java:49)
	at uk.gov.dwp.uc.pairtest.TicketServiceImpl.purchaseTickets(TicketServiceImpl.java:38)
	at TicketServiceTest.lambda$testPurchaseTicketThrowsAnExceptionWhenGivenInvalidTicketType$1(TicketServiceTest.java:39)
	at org.junit.jupiter.api.AssertThrows.assertThrows(AssertThrows.java:53)
	... 6 more

