-------------------------------------------------------------------------------
Test set: TicketServiceTest
-------------------------------------------------------------------------------
Tests run: 10, Failures: 1, Errors: 0, Skipped: 0, Time elapsed: 0.271 s <<< FAILURE! - in TicketServiceTest
TicketServiceTest.testPurchaseTicketOnlyReservesSeatsForAdultAndChildTickets  Time elapsed: 0.005 s  <<< FAILURE!
Wanted but not invoked:
seatReservationService.reserveSeat(1L, 3);
-> at TicketServiceTest.testPurchaseTicketOnlyReservesSeatsForAdultAndChildTickets(TicketServiceTest.java:78)
Actually, there were zero interactions with this mock.

	at TicketServiceTest.testPurchaseTicketOnlyReservesSeatsForAdultAndChildTickets(TicketServiceTest.java:78)
	at java.base/java.lang.reflect.Method.invoke(Method.java:580)
	at java.base/java.util.ArrayList.forEach(ArrayList.java:1596)
	at java.base/java.util.ArrayList.forEach(ArrayList.java:1596)

